<?xml version="1.0" encoding="UTF-8"?>
<testsuite name="functional.com.thoughtworks.HelloMessageJourneyTest" tests="1" skipped="0" failures="1" errors="0" timestamp="2016-07-25T13:18:10" hostname="192.168.0.111" time="46.145">
  <properties/>
  <testcase name="shouldDisplayHelloTWUMessage" classname="functional.com.thoughtworks.HelloMessageJourneyTest" time="46.145">
    <failure message="org.openqa.selenium.WebDriverException: Failed to connect to binary FirefoxBinary(/Applications/Firefox.app/Contents/MacOS/firefox-bin) on port 7055; process output follows: &#10;sic/1.0&quot;,&quot;updateURL&quot;:null,&quot;updateKey&quot;:null,&quot;optionsURL&quot;:null,&quot;optionsType&quot;:null,&quot;aboutURL&quot;:null,&quot;icons&quot;:{&quot;32&quot;:&quot;icon.png&quot;,&quot;48&quot;:&quot;icon.png&quot;},&quot;iconURL&quot;:null,&quot;icon64URL&quot;:null,&quot;defaultLocale&quot;:{&quot;name&quot;:&quot;Default&quot;,&quot;description&quot;:&quot;The default theme.&quot;,&quot;creator&quot;:&quot;Mozilla&quot;,&quot;homepageURL&quot;:null,&quot;contributors&quot;:[&quot;Mozilla Contributors&quot;]},&quot;visible&quot;:true,&quot;active&quot;:true,&quot;userDisabled&quot;:false,&quot;appDisabled&quot;:false,&quot;descriptor&quot;:&quot;/Applications/Firefox.app/Contents/Resources/browser/extensions/{972ce4c6-7e08-4474-a285-3208198ce6fd}.xpi&quot;,&quot;installDate&quot;:1465786564000,&quot;updateDate&quot;:1465786564000,&quot;applyBackgroundUpdates&quot;:1,&quot;skinnable&quot;:true,&quot;size&quot;:7134,&quot;sourceURI&quot;:null,&quot;releaseNotesURI&quot;:null,&quot;softDisabled&quot;:false,&quot;foreignInstall&quot;:false,&quot;hasBinaryComponents&quot;:false,&quot;strictCompatibility&quot;:true,&quot;locales&quot;:[],&quot;targetApplications&quot;:[{&quot;id&quot;:&quot;{ec8030f7-c20a-464f-9b0e-13a3a9e97384}&quot;,&quot;minVersion&quot;:&quot;47.0&quot;,&quot;maxVersion&quot;:&quot;47.0&quot;}],&quot;targetPlatforms&quot;:[],&quot;seen&quot;:true}&#10;1469452692740&#9;addons.xpi&#9;DEBUG&#9;getModTime: Recursive scan of {972ce4c6-7e08-4474-a285-3208198ce6fd}&#10;1469452692741&#9;DeferredSave.extensions.json&#9;DEBUG&#9;Save changes&#10;1469452692742&#9;addons.xpi&#9;DEBUG&#9;Updating database with changes to installed add-ons&#10;1469452692742&#9;addons.xpi-utils&#9;DEBUG&#9;Updating add-on states&#10;1469452692744&#9;addons.xpi-utils&#9;DEBUG&#9;Writing add-ons list&#10;1469452692747&#9;addons.xpi&#9;DEBUG&#9;Registering manifest for /Applications/Firefox.app/Contents/Resources/browser/features/e10srollout@mozilla.org.xpi&#10;1469452692748&#9;addons.xpi&#9;DEBUG&#9;Calling bootstrap method startup on e10srollout@mozilla.org version 1.0&#10;1469452692749&#9;addons.xpi&#9;DEBUG&#9;Registering manifest for /Applications/Firefox.app/Contents/Resources/browser/features/firefox@getpocket.com.xpi&#10;1469452692750&#9;addons.xpi&#9;DEBUG&#9;Calling bootstrap method startup on firefox@getpocket.com version 1.0.2&#10;1469452692751&#9;addons.xpi&#9;DEBUG&#9;Registering manifest for /Applications/Firefox.app/Contents/Resources/browser/features/loop@mozilla.org.xpi&#10;1469452692752&#9;addons.xpi&#9;DEBUG&#9;Calling bootstrap method startup on loop@mozilla.org version 1.3.2&#10;1469452692792&#9;addons.manager&#9;DEBUG&#9;Registering shutdown blocker for XPIProvider&#10;1469452692792&#9;addons.manager&#9;DEBUG&#9;Provider finished startup: XPIProvider&#10;1469452692792&#9;addons.manager&#9;DEBUG&#9;Starting provider: LightweightThemeManager&#10;1469452692792&#9;addons.manager&#9;DEBUG&#9;Registering shutdown blocker for LightweightThemeManager&#10;1469452692793&#9;addons.manager&#9;DEBUG&#9;Provider finished startup: LightweightThemeManager&#10;1469452692793&#9;addons.manager&#9;DEBUG&#9;Starting provider: GMPProvider&#10;1469452692804&#9;addons.manager&#9;DEBUG&#9;Registering shutdown blocker for GMPProvider&#10;1469452692804&#9;addons.manager&#9;DEBUG&#9;Provider finished startup: GMPProvider&#10;1469452692804&#9;addons.manager&#9;DEBUG&#9;Starting provider: PluginProvider&#10;1469452692804&#9;addons.manager&#9;DEBUG&#9;Registering shutdown blocker for PluginProvider&#10;1469452692805&#9;addons.manager&#9;DEBUG&#9;Provider finished startup: PluginProvider&#10;1469452692805&#9;addons.manager&#9;DEBUG&#9;Completed startup sequence&#10;1469452693635&#9;addons.manager&#9;DEBUG&#9;Starting provider: &lt;unnamed-provider&gt;&#10;1469452693635&#9;addons.manager&#9;DEBUG&#9;Registering shutdown blocker for &lt;unnamed-provider&gt;&#10;1469452693635&#9;addons.manager&#9;DEBUG&#9;Provider finished startup: &lt;unnamed-provider&gt;&#10;1469452693731&#9;DeferredSave.extensions.json&#9;DEBUG&#9;Write succeeded&#10;1469452693731&#9;addons.xpi-utils&#9;DEBUG&#9;XPI Database saved, setting schema version preference to 17&#10;1469452693731&#9;DeferredSave.extensions.json&#9;DEBUG&#9;Starting timer&#10;1469452693740&#9;addons.repository&#9;DEBUG&#9;No addons.json found.&#10;1469452693741&#9;DeferredSave.addons.json&#9;DEBUG&#9;Save changes&#10;1469452693743&#9;DeferredSave.addons.json&#9;DEBUG&#9;Starting timer&#10;1469452694054&#9;addons.manager&#9;DEBUG&#9;Starting provider: PreviousExperimentProvider&#10;1469452694054&#9;addons.manager&#9;DEBUG&#9;Registering shutdown blocker for PreviousExperimentProvider&#10;1469452694054&#9;addons.manager&#9;DEBUG&#9;Provider finished startup: PreviousExperimentProvider&#10;1469452694074&#9;DeferredSave.extensions.json&#9;DEBUG&#9;Starting write&#10;1469452694074&#9;DeferredSave.addons.json&#9;DEBUG&#9;Starting write&#10;1469452694095&#9;DeferredSave.extensions.json&#9;DEBUG&#9;Write succeeded&#10;1469452694098&#9;DeferredSave.addons.json&#9;DEBUG&#9;Write succeeded&#10;&#10;Build info: version: '2.48.2', revision: '41bccdd10cf2c0560f637404c2d96164b67d9d67', time: '2015-10-09 13:08:06'&#10;System info: host: '192.168.0.111', ip: '192.168.0.111', os.name: 'Mac OS X', os.arch: 'x86_64', os.version: '10.10.5', java.version: '1.7.0_79'&#10;Driver info: driver.version: FirefoxDriver" type="org.openqa.selenium.WebDriverException">org.openqa.selenium.WebDriverException: Failed to connect to binary FirefoxBinary(/Applications/Firefox.app/Contents/MacOS/firefox-bin) on port 7055; process output follows: 
sic/1.0&quot;,&quot;updateURL&quot;:null,&quot;updateKey&quot;:null,&quot;optionsURL&quot;:null,&quot;optionsType&quot;:null,&quot;aboutURL&quot;:null,&quot;icons&quot;:{&quot;32&quot;:&quot;icon.png&quot;,&quot;48&quot;:&quot;icon.png&quot;},&quot;iconURL&quot;:null,&quot;icon64URL&quot;:null,&quot;defaultLocale&quot;:{&quot;name&quot;:&quot;Default&quot;,&quot;description&quot;:&quot;The default theme.&quot;,&quot;creator&quot;:&quot;Mozilla&quot;,&quot;homepageURL&quot;:null,&quot;contributors&quot;:[&quot;Mozilla Contributors&quot;]},&quot;visible&quot;:true,&quot;active&quot;:true,&quot;userDisabled&quot;:false,&quot;appDisabled&quot;:false,&quot;descriptor&quot;:&quot;/Applications/Firefox.app/Contents/Resources/browser/extensions/{972ce4c6-7e08-4474-a285-3208198ce6fd}.xpi&quot;,&quot;installDate&quot;:1465786564000,&quot;updateDate&quot;:1465786564000,&quot;applyBackgroundUpdates&quot;:1,&quot;skinnable&quot;:true,&quot;size&quot;:7134,&quot;sourceURI&quot;:null,&quot;releaseNotesURI&quot;:null,&quot;softDisabled&quot;:false,&quot;foreignInstall&quot;:false,&quot;hasBinaryComponents&quot;:false,&quot;strictCompatibility&quot;:true,&quot;locales&quot;:[],&quot;targetApplications&quot;:[{&quot;id&quot;:&quot;{ec8030f7-c20a-464f-9b0e-13a3a9e97384}&quot;,&quot;minVersion&quot;:&quot;47.0&quot;,&quot;maxVersion&quot;:&quot;47.0&quot;}],&quot;targetPlatforms&quot;:[],&quot;seen&quot;:true}
1469452692740	addons.xpi	DEBUG	getModTime: Recursive scan of {972ce4c6-7e08-4474-a285-3208198ce6fd}
1469452692741	DeferredSave.extensions.json	DEBUG	Save changes
1469452692742	addons.xpi	DEBUG	Updating database with changes to installed add-ons
1469452692742	addons.xpi-utils	DEBUG	Updating add-on states
1469452692744	addons.xpi-utils	DEBUG	Writing add-ons list
1469452692747	addons.xpi	DEBUG	Registering manifest for /Applications/Firefox.app/Contents/Resources/browser/features/e10srollout@mozilla.org.xpi
1469452692748	addons.xpi	DEBUG	Calling bootstrap method startup on e10srollout@mozilla.org version 1.0
1469452692749	addons.xpi	DEBUG	Registering manifest for /Applications/Firefox.app/Contents/Resources/browser/features/firefox@getpocket.com.xpi
1469452692750	addons.xpi	DEBUG	Calling bootstrap method startup on firefox@getpocket.com version 1.0.2
1469452692751	addons.xpi	DEBUG	Registering manifest for /Applications/Firefox.app/Contents/Resources/browser/features/loop@mozilla.org.xpi
1469452692752	addons.xpi	DEBUG	Calling bootstrap method startup on loop@mozilla.org version 1.3.2
1469452692792	addons.manager	DEBUG	Registering shutdown blocker for XPIProvider
1469452692792	addons.manager	DEBUG	Provider finished startup: XPIProvider
1469452692792	addons.manager	DEBUG	Starting provider: LightweightThemeManager
1469452692792	addons.manager	DEBUG	Registering shutdown blocker for LightweightThemeManager
1469452692793	addons.manager	DEBUG	Provider finished startup: LightweightThemeManager
1469452692793	addons.manager	DEBUG	Starting provider: GMPProvider
1469452692804	addons.manager	DEBUG	Registering shutdown blocker for GMPProvider
1469452692804	addons.manager	DEBUG	Provider finished startup: GMPProvider
1469452692804	addons.manager	DEBUG	Starting provider: PluginProvider
1469452692804	addons.manager	DEBUG	Registering shutdown blocker for PluginProvider
1469452692805	addons.manager	DEBUG	Provider finished startup: PluginProvider
1469452692805	addons.manager	DEBUG	Completed startup sequence
1469452693635	addons.manager	DEBUG	Starting provider: &lt;unnamed-provider&gt;
1469452693635	addons.manager	DEBUG	Registering shutdown blocker for &lt;unnamed-provider&gt;
1469452693635	addons.manager	DEBUG	Provider finished startup: &lt;unnamed-provider&gt;
1469452693731	DeferredSave.extensions.json	DEBUG	Write succeeded
1469452693731	addons.xpi-utils	DEBUG	XPI Database saved, setting schema version preference to 17
1469452693731	DeferredSave.extensions.json	DEBUG	Starting timer
1469452693740	addons.repository	DEBUG	No addons.json found.
1469452693741	DeferredSave.addons.json	DEBUG	Save changes
1469452693743	DeferredSave.addons.json	DEBUG	Starting timer
1469452694054	addons.manager	DEBUG	Starting provider: PreviousExperimentProvider
1469452694054	addons.manager	DEBUG	Registering shutdown blocker for PreviousExperimentProvider
1469452694054	addons.manager	DEBUG	Provider finished startup: PreviousExperimentProvider
1469452694074	DeferredSave.extensions.json	DEBUG	Starting write
1469452694074	DeferredSave.addons.json	DEBUG	Starting write
1469452694095	DeferredSave.extensions.json	DEBUG	Write succeeded
1469452694098	DeferredSave.addons.json	DEBUG	Write succeeded

Build info: version: '2.48.2', revision: '41bccdd10cf2c0560f637404c2d96164b67d9d67', time: '2015-10-09 13:08:06'
System info: host: '192.168.0.111', ip: '192.168.0.111', os.name: 'Mac OS X', os.arch: 'x86_64', os.version: '10.10.5', java.version: '1.7.0_79'
Driver info: driver.version: FirefoxDriver
	at org.openqa.selenium.firefox.internal.NewProfileExtensionConnection.start(NewProfileExtensionConnection.java:135)
	at org.openqa.selenium.firefox.FirefoxDriver.startClient(FirefoxDriver.java:271)
	at org.openqa.selenium.remote.RemoteWebDriver.&lt;init&gt;(RemoteWebDriver.java:117)
	at org.openqa.selenium.firefox.FirefoxDriver.&lt;init&gt;(FirefoxDriver.java:216)
	at org.openqa.selenium.firefox.FirefoxDriver.&lt;init&gt;(FirefoxDriver.java:211)
	at org.openqa.selenium.firefox.FirefoxDriver.&lt;init&gt;(FirefoxDriver.java:207)
	at org.openqa.selenium.firefox.FirefoxDriver.&lt;init&gt;(FirefoxDriver.java:120)
	at functional.com.thoughtworks.HelloMessageJourneyTest.setUp(HelloMessageJourneyTest.java:17)
	at sun.reflect.NativeMethodAccessorImpl.invoke0(Native Method)
	at sun.reflect.NativeMethodAccessorImpl.invoke(NativeMethodAccessorImpl.java:57)
	at sun.reflect.DelegatingMethodAccessorImpl.invoke(DelegatingMethodAccessorImpl.java:43)
	at java.lang.reflect.Method.invoke(Method.java:606)
	at org.junit.runners.model.FrameworkMethod$1.runReflectiveCall(FrameworkMethod.java:47)
	at org.junit.internal.runners.model.ReflectiveCallable.run(ReflectiveCallable.java:12)
	at org.junit.runners.model.FrameworkMethod.invokeExplosively(FrameworkMethod.java:44)
	at org.junit.internal.runners.statements.RunBefores.evaluate(RunBefores.java:24)
	at org.junit.internal.runners.statements.RunAfters.evaluate(RunAfters.java:27)
	at org.junit.runners.ParentRunner.runLeaf(ParentRunner.java:271)
	at org.junit.runners.BlockJUnit4ClassRunner.runChild(BlockJUnit4ClassRunner.java:70)
	at org.junit.runners.BlockJUnit4ClassRunner.runChild(BlockJUnit4ClassRunner.java:50)
	at org.junit.runners.ParentRunner$3.run(ParentRunner.java:238)
	at org.junit.runners.ParentRunner$1.schedule(ParentRunner.java:63)
	at org.junit.runners.ParentRunner.runChildren(ParentRunner.java:236)
	at org.junit.runners.ParentRunner.access$000(ParentRunner.java:53)
	at org.junit.runners.ParentRunner$2.evaluate(ParentRunner.java:229)
	at org.junit.runners.ParentRunner.run(ParentRunner.java:309)
	at org.gradle.api.internal.tasks.testing.junit.JUnitTestClassExecuter.runTestClass(JUnitTestClassExecuter.java:105)
	at org.gradle.api.internal.tasks.testing.junit.JUnitTestClassExecuter.execute(JUnitTestClassExecuter.java:56)
	at org.gradle.api.internal.tasks.testing.junit.JUnitTestClassProcessor.processTestClass(JUnitTestClassProcessor.java:64)
	at org.gradle.api.internal.tasks.testing.SuiteTestClassProcessor.processTestClass(SuiteTestClassProcessor.java:50)
	at sun.reflect.NativeMethodAccessorImpl.invoke0(Native Method)
	at sun.reflect.NativeMethodAccessorImpl.invoke(NativeMethodAccessorImpl.java:57)
	at sun.reflect.DelegatingMethodAccessorImpl.invoke(DelegatingMethodAccessorImpl.java:43)
	at java.lang.reflect.Method.invoke(Method.java:606)
	at org.gradle.messaging.dispatch.ReflectionDispatch.dispatch(ReflectionDispatch.java:35)
	at org.gradle.messaging.dispatch.ReflectionDispatch.dispatch(ReflectionDispatch.java:24)
	at org.gradle.messaging.dispatch.ContextClassLoaderDispatch.dispatch(ContextClassLoaderDispatch.java:32)
	at org.gradle.messaging.dispatch.ProxyDispatchAdapter$DispatchingInvocationHandler.invoke(ProxyDispatchAdapter.java:93)
	at com.sun.proxy.$Proxy2.processTestClass(Unknown Source)
	at org.gradle.api.internal.tasks.testing.worker.TestWorker.processTestClass(TestWorker.java:106)
	at sun.reflect.NativeMethodAccessorImpl.invoke0(Native Method)
	at sun.reflect.NativeMethodAccessorImpl.invoke(NativeMethodAccessorImpl.java:57)
	at sun.reflect.DelegatingMethodAccessorImpl.invoke(DelegatingMethodAccessorImpl.java:43)
	at java.lang.reflect.Method.invoke(Method.java:606)
	at org.gradle.messaging.dispatch.ReflectionDispatch.dispatch(ReflectionDispatch.java:35)
	at org.gradle.messaging.dispatch.ReflectionDispatch.dispatch(ReflectionDispatch.java:24)
	at org.gradle.messaging.remote.internal.hub.MessageHub$Handler.run(MessageHub.java:360)
	at org.gradle.internal.concurrent.ExecutorPolicy$CatchAndRecordFailures.onExecute(ExecutorPolicy.java:54)
	at org.gradle.internal.concurrent.StoppableExecutorImpl$1.run(StoppableExecutorImpl.java:40)
	at java.util.concurrent.ThreadPoolExecutor.runWorker(ThreadPoolExecutor.java:1145)
	at java.util.concurrent.ThreadPoolExecutor$Worker.run(ThreadPoolExecutor.java:615)
	at java.lang.Thread.run(Thread.java:745)
Caused by: org.openqa.selenium.firefox.NotConnectedException: Unable to connect to host 127.0.0.1 on port 7055 after 45000 ms. Firefox console output:
sic/1.0&quot;,&quot;updateURL&quot;:null,&quot;updateKey&quot;:null,&quot;optionsURL&quot;:null,&quot;optionsType&quot;:null,&quot;aboutURL&quot;:null,&quot;icons&quot;:{&quot;32&quot;:&quot;icon.png&quot;,&quot;48&quot;:&quot;icon.png&quot;},&quot;iconURL&quot;:null,&quot;icon64URL&quot;:null,&quot;defaultLocale&quot;:{&quot;name&quot;:&quot;Default&quot;,&quot;description&quot;:&quot;The default theme.&quot;,&quot;creator&quot;:&quot;Mozilla&quot;,&quot;homepageURL&quot;:null,&quot;contributors&quot;:[&quot;Mozilla Contributors&quot;]},&quot;visible&quot;:true,&quot;active&quot;:true,&quot;userDisabled&quot;:false,&quot;appDisabled&quot;:false,&quot;descriptor&quot;:&quot;/Applications/Firefox.app/Contents/Resources/browser/extensions/{972ce4c6-7e08-4474-a285-3208198ce6fd}.xpi&quot;,&quot;installDate&quot;:1465786564000,&quot;updateDate&quot;:1465786564000,&quot;applyBackgroundUpdates&quot;:1,&quot;skinnable&quot;:true,&quot;size&quot;:7134,&quot;sourceURI&quot;:null,&quot;releaseNotesURI&quot;:null,&quot;softDisabled&quot;:false,&quot;foreignInstall&quot;:false,&quot;hasBinaryComponents&quot;:false,&quot;strictCompatibility&quot;:true,&quot;locales&quot;:[],&quot;targetApplications&quot;:[{&quot;id&quot;:&quot;{ec8030f7-c20a-464f-9b0e-13a3a9e97384}&quot;,&quot;minVersion&quot;:&quot;47.0&quot;,&quot;maxVersion&quot;:&quot;47.0&quot;}],&quot;targetPlatforms&quot;:[],&quot;seen&quot;:true}
1469452692740	addons.xpi	DEBUG	getModTime: Recursive scan of {972ce4c6-7e08-4474-a285-3208198ce6fd}
1469452692741	DeferredSave.extensions.json	DEBUG	Save changes
1469452692742	addons.xpi	DEBUG	Updating database with changes to installed add-ons
1469452692742	addons.xpi-utils	DEBUG	Updating add-on states
1469452692744	addons.xpi-utils	DEBUG	Writing add-ons list
1469452692747	addons.xpi	DEBUG	Registering manifest for /Applications/Firefox.app/Contents/Resources/browser/features/e10srollout@mozilla.org.xpi
1469452692748	addons.xpi	DEBUG	Calling bootstrap method startup on e10srollout@mozilla.org version 1.0
1469452692749	addons.xpi	DEBUG	Registering manifest for /Applications/Firefox.app/Contents/Resources/browser/features/firefox@getpocket.com.xpi
1469452692750	addons.xpi	DEBUG	Calling bootstrap method startup on firefox@getpocket.com version 1.0.2
1469452692751	addons.xpi	DEBUG	Registering manifest for /Applications/Firefox.app/Contents/Resources/browser/features/loop@mozilla.org.xpi
1469452692752	addons.xpi	DEBUG	Calling bootstrap method startup on loop@mozilla.org version 1.3.2
1469452692792	addons.manager	DEBUG	Registering shutdown blocker for XPIProvider
1469452692792	addons.manager	DEBUG	Provider finished startup: XPIProvider
1469452692792	addons.manager	DEBUG	Starting provider: LightweightThemeManager
1469452692792	addons.manager	DEBUG	Registering shutdown blocker for LightweightThemeManager
1469452692793	addons.manager	DEBUG	Provider finished startup: LightweightThemeManager
1469452692793	addons.manager	DEBUG	Starting provider: GMPProvider
1469452692804	addons.manager	DEBUG	Registering shutdown blocker for GMPProvider
1469452692804	addons.manager	DEBUG	Provider finished startup: GMPProvider
1469452692804	addons.manager	DEBUG	Starting provider: PluginProvider
1469452692804	addons.manager	DEBUG	Registering shutdown blocker for PluginProvider
1469452692805	addons.manager	DEBUG	Provider finished startup: PluginProvider
1469452692805	addons.manager	DEBUG	Completed startup sequence
1469452693635	addons.manager	DEBUG	Starting provider: &lt;unnamed-provider&gt;
1469452693635	addons.manager	DEBUG	Registering shutdown blocker for &lt;unnamed-provider&gt;
1469452693635	addons.manager	DEBUG	Provider finished startup: &lt;unnamed-provider&gt;
1469452693731	DeferredSave.extensions.json	DEBUG	Write succeeded
1469452693731	addons.xpi-utils	DEBUG	XPI Database saved, setting schema version preference to 17
1469452693731	DeferredSave.extensions.json	DEBUG	Starting timer
1469452693740	addons.repository	DEBUG	No addons.json found.
1469452693741	DeferredSave.addons.json	DEBUG	Save changes
1469452693743	DeferredSave.addons.json	DEBUG	Starting timer
1469452694054	addons.manager	DEBUG	Starting provider: PreviousExperimentProvider
1469452694054	addons.manager	DEBUG	Registering shutdown blocker for PreviousExperimentProvider
1469452694054	addons.manager	DEBUG	Provider finished startup: PreviousExperimentProvider
1469452694074	DeferredSave.extensions.json	DEBUG	Starting write
1469452694074	DeferredSave.addons.json	DEBUG	Starting write
1469452694095	DeferredSave.extensions.json	DEBUG	Write succeeded
1469452694098	DeferredSave.addons.json	DEBUG	Write succeeded

	at org.openqa.selenium.firefox.internal.NewProfileExtensionConnection.start(NewProfileExtensionConnection.java:123)
	... 51 more
</failure>
    <failure message="java.lang.NullPointerException" type="java.lang.NullPointerException">java.lang.NullPointerException
	at functional.com.thoughtworks.HelloMessageJourneyTest.tearDown(HelloMessageJourneyTest.java:31)
	at sun.reflect.NativeMethodAccessorImpl.invoke0(Native Method)
	at sun.reflect.NativeMethodAccessorImpl.invoke(NativeMethodAccessorImpl.java:57)
	at sun.reflect.DelegatingMethodAccessorImpl.invoke(DelegatingMethodAccessorImpl.java:43)
	at java.lang.reflect.Method.invoke(Method.java:606)
	at org.junit.runners.model.FrameworkMethod$1.runReflectiveCall(FrameworkMethod.java:47)
	at org.junit.internal.runners.model.ReflectiveCallable.run(ReflectiveCallable.java:12)
	at org.junit.runners.model.FrameworkMethod.invokeExplosively(FrameworkMethod.java:44)
	at org.junit.internal.runners.statements.RunAfters.evaluate(RunAfters.java:33)
	at org.junit.runners.ParentRunner.runLeaf(ParentRunner.java:271)
	at org.junit.runners.BlockJUnit4ClassRunner.runChild(BlockJUnit4ClassRunner.java:70)
	at org.junit.runners.BlockJUnit4ClassRunner.runChild(BlockJUnit4ClassRunner.java:50)
	at org.junit.runners.ParentRunner$3.run(ParentRunner.java:238)
	at org.junit.runners.ParentRunner$1.schedule(ParentRunner.java:63)
	at org.junit.runners.ParentRunner.runChildren(ParentRunner.java:236)
	at org.junit.runners.ParentRunner.access$000(ParentRunner.java:53)
	at org.junit.runners.ParentRunner$2.evaluate(ParentRunner.java:229)
	at org.junit.runners.ParentRunner.run(ParentRunner.java:309)
	at org.gradle.api.internal.tasks.testing.junit.JUnitTestClassExecuter.runTestClass(JUnitTestClassExecuter.java:105)
	at org.gradle.api.internal.tasks.testing.junit.JUnitTestClassExecuter.execute(JUnitTestClassExecuter.java:56)
	at org.gradle.api.internal.tasks.testing.junit.JUnitTestClassProcessor.processTestClass(JUnitTestClassProcessor.java:64)
	at org.gradle.api.internal.tasks.testing.SuiteTestClassProcessor.processTestClass(SuiteTestClassProcessor.java:50)
	at sun.reflect.NativeMethodAccessorImpl.invoke0(Native Method)
	at sun.reflect.NativeMethodAccessorImpl.invoke(NativeMethodAccessorImpl.java:57)
	at sun.reflect.DelegatingMethodAccessorImpl.invoke(DelegatingMethodAccessorImpl.java:43)
	at java.lang.reflect.Method.invoke(Method.java:606)
	at org.gradle.messaging.dispatch.ReflectionDispatch.dispatch(ReflectionDispatch.java:35)
	at org.gradle.messaging.dispatch.ReflectionDispatch.dispatch(ReflectionDispatch.java:24)
	at org.gradle.messaging.dispatch.ContextClassLoaderDispatch.dispatch(ContextClassLoaderDispatch.java:32)
	at org.gradle.messaging.dispatch.ProxyDispatchAdapter$DispatchingInvocationHandler.invoke(ProxyDispatchAdapter.java:93)
	at com.sun.proxy.$Proxy2.processTestClass(Unknown Source)
	at org.gradle.api.internal.tasks.testing.worker.TestWorker.processTestClass(TestWorker.java:106)
	at sun.reflect.NativeMethodAccessorImpl.invoke0(Native Method)
	at sun.reflect.NativeMethodAccessorImpl.invoke(NativeMethodAccessorImpl.java:57)
	at sun.reflect.DelegatingMethodAccessorImpl.invoke(DelegatingMethodAccessorImpl.java:43)
	at java.lang.reflect.Method.invoke(Method.java:606)
	at org.gradle.messaging.dispatch.ReflectionDispatch.dispatch(ReflectionDispatch.java:35)
	at org.gradle.messaging.dispatch.ReflectionDispatch.dispatch(ReflectionDispatch.java:24)
	at org.gradle.messaging.remote.internal.hub.MessageHub$Handler.run(MessageHub.java:360)
	at org.gradle.internal.concurrent.ExecutorPolicy$CatchAndRecordFailures.onExecute(ExecutorPolicy.java:54)
	at org.gradle.internal.concurrent.StoppableExecutorImpl$1.run(StoppableExecutorImpl.java:40)
	at java.util.concurrent.ThreadPoolExecutor.runWorker(ThreadPoolExecutor.java:1145)
	at java.util.concurrent.ThreadPoolExecutor$Worker.run(ThreadPoolExecutor.java:615)
	at java.lang.Thread.run(Thread.java:745)
</failure>
  </testcase>
  <system-out><![CDATA[]]></system-out>
  <system-err><![CDATA[org.openqa.selenium.firefox.NotConnectedException: Unable to connect to host 127.0.0.1 on port 7055 after 45000 ms. Firefox console output:
sic/1.0","updateURL":null,"updateKey":null,"optionsURL":null,"optionsType":null,"aboutURL":null,"icons":{"32":"icon.png","48":"icon.png"},"iconURL":null,"icon64URL":null,"defaultLocale":{"name":"Default","description":"The default theme.","creator":"Mozilla","homepageURL":null,"contributors":["Mozilla Contributors"]},"visible":true,"active":true,"userDisabled":false,"appDisabled":false,"descriptor":"/Applications/Firefox.app/Contents/Resources/browser/extensions/{972ce4c6-7e08-4474-a285-3208198ce6fd}.xpi","installDate":1465786564000,"updateDate":1465786564000,"applyBackgroundUpdates":1,"skinnable":true,"size":7134,"sourceURI":null,"releaseNotesURI":null,"softDisabled":false,"foreignInstall":false,"hasBinaryComponents":false,"strictCompatibility":true,"locales":[],"targetApplications":[{"id":"{ec8030f7-c20a-464f-9b0e-13a3a9e97384}","minVersion":"47.0","maxVersion":"47.0"}],"targetPlatforms":[],"seen":true}
1469452692740	addons.xpi	DEBUG	getModTime: Recursive scan of {972ce4c6-7e08-4474-a285-3208198ce6fd}
1469452692741	DeferredSave.extensions.json	DEBUG	Save changes
1469452692742	addons.xpi	DEBUG	Updating database with changes to installed add-ons
1469452692742	addons.xpi-utils	DEBUG	Updating add-on states
1469452692744	addons.xpi-utils	DEBUG	Writing add-ons list
1469452692747	addons.xpi	DEBUG	Registering manifest for /Applications/Firefox.app/Contents/Resources/browser/features/e10srollout@mozilla.org.xpi
1469452692748	addons.xpi	DEBUG	Calling bootstrap method startup on e10srollout@mozilla.org version 1.0
1469452692749	addons.xpi	DEBUG	Registering manifest for /Applications/Firefox.app/Contents/Resources/browser/features/firefox@getpocket.com.xpi
1469452692750	addons.xpi	DEBUG	Calling bootstrap method startup on firefox@getpocket.com version 1.0.2
1469452692751	addons.xpi	DEBUG	Registering manifest for /Applications/Firefox.app/Contents/Resources/browser/features/loop@mozilla.org.xpi
1469452692752	addons.xpi	DEBUG	Calling bootstrap method startup on loop@mozilla.org version 1.3.2
1469452692792	addons.manager	DEBUG	Registering shutdown blocker for XPIProvider
1469452692792	addons.manager	DEBUG	Provider finished startup: XPIProvider
1469452692792	addons.manager	DEBUG	Starting provider: LightweightThemeManager
1469452692792	addons.manager	DEBUG	Registering shutdown blocker for LightweightThemeManager
1469452692793	addons.manager	DEBUG	Provider finished startup: LightweightThemeManager
1469452692793	addons.manager	DEBUG	Starting provider: GMPProvider
1469452692804	addons.manager	DEBUG	Registering shutdown blocker for GMPProvider
1469452692804	addons.manager	DEBUG	Provider finished startup: GMPProvider
1469452692804	addons.manager	DEBUG	Starting provider: PluginProvider
1469452692804	addons.manager	DEBUG	Registering shutdown blocker for PluginProvider
1469452692805	addons.manager	DEBUG	Provider finished startup: PluginProvider
1469452692805	addons.manager	DEBUG	Completed startup sequence
1469452693635	addons.manager	DEBUG	Starting provider: <unnamed-provider>
1469452693635	addons.manager	DEBUG	Registering shutdown blocker for <unnamed-provider>
1469452693635	addons.manager	DEBUG	Provider finished startup: <unnamed-provider>
1469452693731	DeferredSave.extensions.json	DEBUG	Write succeeded
1469452693731	addons.xpi-utils	DEBUG	XPI Database saved, setting schema version preference to 17
1469452693731	DeferredSave.extensions.json	DEBUG	Starting timer
1469452693740	addons.repository	DEBUG	No addons.json found.
1469452693741	DeferredSave.addons.json	DEBUG	Save changes
1469452693743	DeferredSave.addons.json	DEBUG	Starting timer
1469452694054	addons.manager	DEBUG	Starting provider: PreviousExperimentProvider
1469452694054	addons.manager	DEBUG	Registering shutdown blocker for PreviousExperimentProvider
1469452694054	addons.manager	DEBUG	Provider finished startup: PreviousExperimentProvider
1469452694074	DeferredSave.extensions.json	DEBUG	Starting write
1469452694074	DeferredSave.addons.json	DEBUG	Starting write
1469452694095	DeferredSave.extensions.json	DEBUG	Write succeeded
1469452694098	DeferredSave.addons.json	DEBUG	Write succeeded

	at org.openqa.selenium.firefox.internal.NewProfileExtensionConnection.start(NewProfileExtensionConnection.java:123)
	at org.openqa.selenium.firefox.FirefoxDriver.startClient(FirefoxDriver.java:271)
	at org.openqa.selenium.remote.RemoteWebDriver.<init>(RemoteWebDriver.java:117)
	at org.openqa.selenium.firefox.FirefoxDriver.<init>(FirefoxDriver.java:216)
	at org.openqa.selenium.firefox.FirefoxDriver.<init>(FirefoxDriver.java:211)
	at org.openqa.selenium.firefox.FirefoxDriver.<init>(FirefoxDriver.java:207)
	at org.openqa.selenium.firefox.FirefoxDriver.<init>(FirefoxDriver.java:120)
	at functional.com.thoughtworks.HelloMessageJourneyTest.setUp(HelloMessageJourneyTest.java:17)
	at sun.reflect.NativeMethodAccessorImpl.invoke0(Native Method)
	at sun.reflect.NativeMethodAccessorImpl.invoke(NativeMethodAccessorImpl.java:57)
	at sun.reflect.DelegatingMethodAccessorImpl.invoke(DelegatingMethodAccessorImpl.java:43)
	at java.lang.reflect.Method.invoke(Method.java:606)
	at org.junit.runners.model.FrameworkMethod$1.runReflectiveCall(FrameworkMethod.java:47)
	at org.junit.internal.runners.model.ReflectiveCallable.run(ReflectiveCallable.java:12)
	at org.junit.runners.model.FrameworkMethod.invokeExplosively(FrameworkMethod.java:44)
	at org.junit.internal.runners.statements.RunBefores.evaluate(RunBefores.java:24)
	at org.junit.internal.runners.statements.RunAfters.evaluate(RunAfters.java:27)
	at org.junit.runners.ParentRunner.runLeaf(ParentRunner.java:271)
	at org.junit.runners.BlockJUnit4ClassRunner.runChild(BlockJUnit4ClassRunner.java:70)
	at org.junit.runners.BlockJUnit4ClassRunner.runChild(BlockJUnit4ClassRunner.java:50)
	at org.junit.runners.ParentRunner$3.run(ParentRunner.java:238)
	at org.junit.runners.ParentRunner$1.schedule(ParentRunner.java:63)
	at org.junit.runners.ParentRunner.runChildren(ParentRunner.java:236)
	at org.junit.runners.ParentRunner.access$000(ParentRunner.java:53)
	at org.junit.runners.ParentRunner$2.evaluate(ParentRunner.java:229)
	at org.junit.runners.ParentRunner.run(ParentRunner.java:309)
	at org.gradle.api.internal.tasks.testing.junit.JUnitTestClassExecuter.runTestClass(JUnitTestClassExecuter.java:105)
	at org.gradle.api.internal.tasks.testing.junit.JUnitTestClassExecuter.execute(JUnitTestClassExecuter.java:56)
	at org.gradle.api.internal.tasks.testing.junit.JUnitTestClassProcessor.processTestClass(JUnitTestClassProcessor.java:64)
	at org.gradle.api.internal.tasks.testing.SuiteTestClassProcessor.processTestClass(SuiteTestClassProcessor.java:50)
	at sun.reflect.NativeMethodAccessorImpl.invoke0(Native Method)
	at sun.reflect.NativeMethodAccessorImpl.invoke(NativeMethodAccessorImpl.java:57)
	at sun.reflect.DelegatingMethodAccessorImpl.invoke(DelegatingMethodAccessorImpl.java:43)
	at java.lang.reflect.Method.invoke(Method.java:606)
	at org.gradle.messaging.dispatch.ReflectionDispatch.dispatch(ReflectionDispatch.java:35)
	at org.gradle.messaging.dispatch.ReflectionDispatch.dispatch(ReflectionDispatch.java:24)
	at org.gradle.messaging.dispatch.ContextClassLoaderDispatch.dispatch(ContextClassLoaderDispatch.java:32)
	at org.gradle.messaging.dispatch.ProxyDispatchAdapter$DispatchingInvocationHandler.invoke(ProxyDispatchAdapter.java:93)
	at com.sun.proxy.$Proxy2.processTestClass(Unknown Source)
	at org.gradle.api.internal.tasks.testing.worker.TestWorker.processTestClass(TestWorker.java:106)
	at sun.reflect.NativeMethodAccessorImpl.invoke0(Native Method)
	at sun.reflect.NativeMethodAccessorImpl.invoke(NativeMethodAccessorImpl.java:57)
	at sun.reflect.DelegatingMethodAccessorImpl.invoke(DelegatingMethodAccessorImpl.java:43)
	at java.lang.reflect.Method.invoke(Method.java:606)
	at org.gradle.messaging.dispatch.ReflectionDispatch.dispatch(ReflectionDispatch.java:35)
	at org.gradle.messaging.dispatch.ReflectionDispatch.dispatch(ReflectionDispatch.java:24)
	at org.gradle.messaging.remote.internal.hub.MessageHub$Handler.run(MessageHub.java:360)
	at org.gradle.internal.concurrent.ExecutorPolicy$CatchAndRecordFailures.onExecute(ExecutorPolicy.java:54)
	at org.gradle.internal.concurrent.StoppableExecutorImpl$1.run(StoppableExecutorImpl.java:40)
	at java.util.concurrent.ThreadPoolExecutor.runWorker(ThreadPoolExecutor.java:1145)
	at java.util.concurrent.ThreadPoolExecutor$Worker.run(ThreadPoolExecutor.java:615)
	at java.lang.Thread.run(Thread.java:745)
]]></system-err>
</testsuite>
